# JRE version: OpenJDK Runtime Environment (8.0_152-b01) (build 1.8.0_152-release-1343-b01)
# Java VM: OpenJDK 64-Bit Server VM (25.152-b01 mixed mode windows-amd64 compressed oops)
Heap:
 PSYoungGen      total 418304K, used 405051K [0x00000000e0000000, 0x0000000100000000, 0x0000000100000000)
  eden space 357376K, 100% used [0x00000000e0000000,0x00000000f5d00000,0x00000000f5d00000)
  from space 60928K, 78% used [0x00000000f5d00000,0x00000000f8b8eeb8,0x00000000f9880000)
  to   space 65024K, 38% used [0x00000000fc080000,0x00000000fd90c830,0x0000000100000000)
 ParOldGen       total 382976K, used 90480K [0x00000000a0000000, 0x00000000b7600000, 0x00000000e0000000)
  object space 382976K, 23% used [0x00000000a0000000,0x00000000a585c018,0x00000000b7600000)
 Metaspace       used 134022K, capacity 140406K, committed 140544K, reserved 1171456K
  class space    used 16865K, capacity 18099K, committed 18176K, reserved 1048576K
GC Heap History (10 events):
Event: 110.461 GC heap after
Heap after GC invocations=23 (full 3):
 PSYoungGen      total 341504K, used 41467K [0x00000000e0000000, 0x00000000f9280000, 0x0000000100000000)
  eden space 300032K, 0% used [0x00000000e0000000,0x00000000e0000000,0x00000000f2500000)
  from space 41472K, 99% used [0x00000000f5600000,0x00000000f7e7ee68,0x00000000f7e80000)
  to   space 50176K, 0% used [0x00000000f2500000,0x00000000f2500000,0x00000000f5600000)
 ParOldGen       total 258560K, used 66510K [0x00000000a0000000, 0x00000000afc80000, 0x00000000e0000000)
  object space 258560K, 25% used [0x00000000a0000000,0x00000000a40f3b18,0x00000000afc80000)
 Metaspace       used 93310K, capacity 97224K, committed 97280K, reserved 1134592K
  class space    used 11990K, capacity 12786K, committed 12800K, reserved 1048576K
}
Event: 111.858 GC heap before
{Heap before GC invocations=24 (full 3):
 PSYoungGen      total 341504K, used 280820K [0x00000000e0000000, 0x00000000f9280000, 0x0000000100000000)
  eden space 300032K, 79% used [0x00000000e0000000,0x00000000ee9be560,0x00000000f2500000)
  from space 41472K, 99% used [0x00000000f5600000,0x00000000f7e7ee68,0x00000000f7e80000)
  to   space 50176K, 0% used [0x00000000f2500000,0x00000000f2500000,0x00000000f5600000)
 ParOldGen       total 258560K, used 66510K [0x00000000a0000000, 0x00000000afc80000, 0x00000000e0000000)
  object space 258560K, 25% used [0x00000000a0000000,0x00000000a40f3b18,0x00000000afc80000)
 Metaspace       used 94305K, capacity 98424K, committed 98600K, reserved 1134592K
  class space    used 12113K, capacity 12918K, committed 12928K, reserved 1048576K
Event: 111.914 GC heap after
Heap after GC invocations=24 (full 3):
 PSYoungGen      total 350208K, used 50146K [0x00000000e0000000, 0x00000000fda80000, 0x0000000100000000)
  eden space 300032K, 0% used [0x00000000e0000000,0x00000000e0000000,0x00000000f2500000)
  from space 50176K, 99% used [0x00000000f2500000,0x00000000f55f8bf8,0x00000000f5600000)
  to   space 63488K, 0% used [0x00000000f9c80000,0x00000000f9c80000,0x00000000fda80000)
 ParOldGen       total 258560K, used 81651K [0x00000000a0000000, 0x00000000afc80000, 0x00000000e0000000)
  object space 258560K, 31% used [0x00000000a0000000,0x00000000a4fbcd60,0x00000000afc80000)
 Metaspace       used 94305K, capacity 98424K, committed 98600K, reserved 1134592K
  class space    used 12113K, capacity 12918K, committed 12928K, reserved 1048576K
}
Event: 111.914 GC heap before
{Heap before GC invocations=25 (full 4):
 PSYoungGen      total 350208K, used 50146K [0x00000000e0000000, 0x00000000fda80000, 0x0000000100000000)
  eden space 300032K, 0% used [0x00000000e0000000,0x00000000e0000000,0x00000000f2500000)
  from space 50176K, 99% used [0x00000000f2500000,0x00000000f55f8bf8,0x00000000f5600000)
  to   space 63488K, 0% used [0x00000000f9c80000,0x00000000f9c80000,0x00000000fda80000)
 ParOldGen       total 258560K, used 81651K [0x00000000a0000000, 0x00000000afc80000, 0x00000000e0000000)
  object space 258560K, 31% used [0x00000000a0000000,0x00000000a4fbcd60,0x00000000afc80000)
 Metaspace       used 94305K, capacity 98424K, committed 98600K, reserved 1134592K
  class space    used 12113K, capacity 12918K, committed 12928K, reserved 1048576K
Event: 112.119 GC heap after
Heap after GC invocations=25 (full 4):
 PSYoungGen      total 350208K, used 0K [0x00000000e0000000, 0x00000000fda80000, 0x0000000100000000)
  eden space 300032K, 0% used [0x00000000e0000000,0x00000000e0000000,0x00000000f2500000)
  from space 50176K, 0% used [0x00000000f2500000,0x00000000f2500000,0x00000000f5600000)
  to   space 63488K, 0% used [0x00000000f9c80000,0x00000000f9c80000,0x00000000fda80000)
 ParOldGen       total 382976K, used 90456K [0x00000000a0000000, 0x00000000b7600000, 0x00000000e0000000)
  object space 382976K, 23% used [0x00000000a0000000,0x00000000a5856018,0x00000000b7600000)
 Metaspace       used 94162K, capacity 98028K, committed 98600K, reserved 1134592K
  class space    used 12069K, capacity 12850K, committed 12928K, reserved 1048576K
}
Event: 1267.492 GC heap before
{Heap before GC invocations=26 (full 4):
 PSYoungGen      total 350208K, used 300032K [0x00000000e0000000, 0x00000000fda80000, 0x0000000100000000)
  eden space 300032K, 100% used [0x00000000e0000000,0x00000000f2500000,0x00000000f2500000)
  from space 50176K, 0% used [0x00000000f2500000,0x00000000f2500000,0x00000000f5600000)
  to   space 63488K, 0% used [0x00000000f9c80000,0x00000000f9c80000,0x00000000fda80000)
 ParOldGen       total 382976K, used 90456K [0x00000000a0000000, 0x00000000b7600000, 0x00000000e0000000)
  object space 382976K, 23% used [0x00000000a0000000,0x00000000a5856018,0x00000000b7600000)
 Metaspace       used 110971K, capacity 115816K, committed 116096K, reserved 1150976K
  class space    used 14164K, capacity 15106K, committed 15232K, reserved 1048576K
Event: 1267.515 GC heap after
Heap after GC invocations=26 (full 4):
 PSYoungGen      total 414208K, used 28979K [0x00000000e0000000, 0x00000000fd400000, 0x0000000100000000)
  eden space 357376K, 0% used [0x00000000e0000000,0x00000000e0000000,0x00000000f5d00000)
  from space 56832K, 50% used [0x00000000f9c80000,0x00000000fb8ccfe0,0x00000000fd400000)
  to   space 60928K, 0% used [0x00000000f5d00000,0x00000000f5d00000,0x00000000f9880000)
 ParOldGen       total 382976K, used 90464K [0x00000000a0000000, 0x00000000b7600000, 0x00000000e0000000)
  object space 382976K, 23% used [0x00000000a0000000,0x00000000a5858018,0x00000000b7600000)
 Metaspace       used 110971K, capacity 115816K, committed 116096K, reserved 1150976K
  class space    used 14164K, capacity 15106K, committed 15232K, reserved 1048576K
}
Event: 1672.046 GC heap before
{Heap before GC invocations=27 (full 4):
 PSYoungGen      total 414208K, used 386355K [0x00000000e0000000, 0x00000000fd400000, 0x0000000100000000)
  eden space 357376K, 100% used [0x00000000e0000000,0x00000000f5d00000,0x00000000f5d00000)
  from space 56832K, 50% used [0x00000000f9c80000,0x00000000fb8ccfe0,0x00000000fd400000)
  to   space 60928K, 0% used [0x00000000f5d00000,0x00000000f5d00000,0x00000000f9880000)
 ParOldGen       total 382976K, used 90464K [0x00000000a0000000, 0x00000000b7600000, 0x00000000e0000000)
  object space 382976K, 23% used [0x00000000a0000000,0x00000000a5858018,0x00000000b7600000)
 Metaspace       used 115771K, capacity 120852K, committed 121088K, reserved 1155072K
  class space    used 14570K, capacity 15578K, committed 15616K, reserved 1048576K
Event: 1672.078 GC heap after
Heap after GC invocations=27 (full 4):
 PSYoungGen      total 418304K, used 47675K [0x00000000e0000000, 0x0000000100000000, 0x0000000100000000)
  eden space 357376K, 0% used [0x00000000e0000000,0x00000000e0000000,0x00000000f5d00000)
  from space 60928K, 78% used [0x00000000f5d00000,0x00000000f8b8eeb8,0x00000000f9880000)
  to   space 65024K, 0% used [0x00000000fc080000,0x00000000fc080000,0x0000000100000000)
 ParOldGen       total 382976K, used 90472K [0x00000000a0000000, 0x00000000b7600000, 0x00000000e0000000)
  object space 382976K, 23% used [0x00000000a0000000,0x00000000a585a018,0x00000000b7600000)
 Metaspace       used 115771K, capacity 120852K, committed 121088K, reserved 1155072K
  class space    used 14570K, capacity 15578K, committed 15616K, reserved 1048576K
}
Event: 1709.885 GC heap before
{Heap before GC invocations=28 (full 4):
 PSYoungGen      total 418304K, used 405051K [0x00000000e0000000, 0x0000000100000000, 0x0000000100000000)
  eden space 357376K, 100% used [0x00000000e0000000,0x00000000f5d00000,0x00000000f5d00000)
  from space 60928K, 78% used [0x00000000f5d00000,0x00000000f8b8eeb8,0x00000000f9880000)
  to   space 65024K, 0% used [0x00000000fc080000,0x00000000fc080000,0x0000000100000000)
 ParOldGen       total 382976K, used 90472K [0x00000000a0000000, 0x00000000b7600000, 0x00000000e0000000)
  object space 382976K, 23% used [0x00000000a0000000,0x00000000a585a018,0x00000000b7600000)
 Metaspace       used 134022K, capacity 140406K, committed 140544K, reserved 1171456K
  class space    used 16865K, capacity 18099K, committed 18176K, reserved 1048576K

